#
# A fatal error has been detected by the Java Runtime Environment:
#
#  SIGSEGV (0xb) at pc=0x00007f34b66cae60, pid=94847, tid=94876
#
# JRE version: OpenJDK Runtime Environment Corretto-22.0.2.9.1 (22.0.2+9) (build 22.0.2+9-FR)
# Java VM: OpenJDK 64-Bit Server VM Corretto-22.0.2.9.1 (22.0.2+9-FR, mixed mode, sharing, tiered, compressed oops, compressed class ptrs, g1 gc, linux-amd64)
# Problematic frame:
# C  [libnvidia-glcore.so.575.64+0xacae60]
#
# Core dump will be written. Default location: Core dumps may be processed with "/usr/lib/systemd/systemd-coredump %P %u %g %s %t %c %h %d %F" (or dumping to /home/johron/Projects/Kotlin/glare/core.94847)
#
# If you would like to submit a bug report, please visit:
#   https://github.com/corretto/corretto-22/issues/
#

---------------  S U M M A R Y ------------

Command Line: -agentlib:jdwp=transport=dt_socket,address=127.0.0.1:58261,suspend=y,server=n -javaagent:/home/johron/.local/share/JetBrains/Toolbox/apps/intellij-idea-ultimate/plugins/java/lib/rt/debugger-agent.jar=file:///tmp/capture17339519903649822526.props -Dkotlinx.coroutines.debug.enable.creation.stack.trace=false -Ddebugger.agent.enable.coroutines=true -Dkotlinx.coroutines.debug.enable.flows.stack.trace=true -Dkotlinx.coroutines.debug.enable.mutable.state.flows.stack.trace=true -Dfile.encoding=UTF-8 -Dsun.stdout.encoding=UTF-8 -Dsun.stderr.encoding=UTF-8 me.johanrong.glare.MainKt

Host: AMD Ryzen 5 3600 6-Core Processor, 12 cores, 31G, Fedora release 42 (Adams)
Time: Wed Jul  2 20:35:47 2025 CEST elapsed time: 4.467830 seconds (0d 0h 0m 4s)

---------------  T H R E A D  ---------------

Current thread is native thread

Stack: [0x00007f34f8bbf000,0x00007f34f93bf000],  sp=0x00007f34f93bbea8,  free space=8179k
Native frames: (J=compiled Java code, j=interpreted, Vv=VM code, C=native code)
C  [libnvidia-glcore.so.575.64+0xacae60]

siginfo: si_signo: 11 (SIGSEGV), si_code: 1 (SEGV_MAPERR), si_addr: 0x0000000000000000

Registers:
RAX=0x00007f34b5a8eb18, RBX=0x00007f34b5a8eb18, RCX=0x00007f34b5a93950, RDX=0x0000000000000008
RSP=0x00007f34f93bbea8, RBP=0x00007f34b5bcacb4, RSI=0x0000000000000000, RDI=0x00007f34b5a8eb18
R8 =0x00007f34b5bcac50, R9 =0x0000000000000014, R10=0x00007f34b66cae50, R11=0x00007f34a400db54
R12=0x00007f34a4210808, R13=0x00007f34b5bcac9c, R14=0x0000000000000000, R15=0x0000000000000001
RIP=0x00007f34b66cae60, EFLAGS=0x0000000000010206, CSGSFS=0x002b000000000033, ERR=0x0000000000000004
  TRAPNO=0x000000000000000e


Top of Stack: (sp=0x00007f34f93bbea8)
0x00007f34f93bbea8:   00007f34b67753b4 000000004058c000
0x00007f34f93bbeb8:   00000000000009c7 00007f34b5bcacb4
0x00007f34f93bbec8:   000009c700000003 0000000004336950
0x00007f34f93bbed8:   00007f3400000000 0000000000000000
0x00007f34f93bbee8:   00007f34a4005640 000000004058c000
0x00007f34f93bbef8:   0000000000000000 00007f34b7ede900
0x00007f34f93bbf08:   00007f34a4208fd0 0000000000000083
0x00007f34f93bbf18:   10c0000000000000 00007f34a400ce94
0x00007f34f93bbf28:   0000000000000000 000000004058c000
0x00007f34f93bbf38:   0000000000003a38 0000000000000004
0x00007f34f93bbf48:   0000000000000000 00007f34a4210808
0x00007f34f93bbf58:   00007f34b6775d9d 0000000000000000
0x00007f34f93bbf68:   00007f34a4005640 00007f3400000000
0x00007f34f93bbf78:   00007f3400001405 00007f3500001405
0x00007f34f93bbf88:   00007f34a4005640 00c0000000001405
0x00007f34f93bbf98:   00007f34b6798032 00007f34a400cdd4
0x00007f34f93bbfa8:   00000000000009c7 00007f3400000001
0x00007f34f93bbfb8:   0000000000000083 000000004058c000
0x00007f34f93bbfc8:   00007f34a4005640 0000000000003a38
0x00007f34f93bbfd8:   0000000000000004 00c0000000000000
0x00007f34f93bbfe8:   00007f34b677b34b 0000000000000000
0x00007f34f93bbff8:   00007f34b677b325 0000000000000200
0x00007f34f93bc008:   0000000000001405 00000000a4005640
0x00007f34f93bc018:   00007f3580ab7b01 00007f35ffffffff
0x00007f34f93bc028:   00007f34a40013c0 0000000000000a2c
0x00007f34f93bc038:   00007f34b6739eba 0000000144200000
0x00007f34f93bc048:   0000000043b40000 00007f34a4202cc0
0x00007f34f93bc058:   0000000044200000 0000000000000000
0x00007f34f93bc068:   0000000100000001 3f80000000000001
0x00007f34f93bc078:   0000000000000004 000000013f800000
0x00007f34f93bc088:   00007f3400000000 00007f34a4209e80
0x00007f34f93bc098:   0000000000000000 00000fff00002000 

Instructions: (pc=0x00007f34b66cae60)
0x00007f34b66cad60:   48 89 42 20 eb 0e 66 2e 0f 1f 84 00 00 00 00 00
0x00007f34b66cad70:   48 89 47 08 48 89 70 18 48 8b 56 10 83 e2 01 48
0x00007f34b66cad80:   09 d0 48 89 46 10 c3 66 0f 1f 84 00 00 00 00 00
0x00007f34b66cad90:   48 89 42 18 eb de 66 2e 0f 1f 84 00 00 00 00 00
0x00007f34b66cada0:   48 8b 46 18 48 8b 50 20 48 89 56 18 48 85 d2 74
0x00007f34b66cadb0:   0e 48 8b 4a 10 83 e1 01 48 09 f1 48 89 4a 10 48
0x00007f34b66cadc0:   8b 56 10 48 8b 48 10 48 83 e2 fe 83 e1 01 48 09
0x00007f34b66cadd0:   d1 48 89 48 10 48 85 d2 74 16 48 39 72 20 74 30
0x00007f34b66cade0:   48 89 42 18 eb 0e 66 2e 0f 1f 84 00 00 00 00 00
0x00007f34b66cadf0:   48 89 47 08 48 89 70 20 48 8b 56 10 83 e2 01 48
0x00007f34b66cae00:   09 d0 48 89 46 10 c3 66 0f 1f 84 00 00 00 00 00
0x00007f34b66cae10:   48 89 42 20 eb de 66 2e 0f 1f 84 00 00 00 00 00
0x00007f34b66cae20:   83 e9 01 48 89 f8 48 63 d2 48 8d 4c 8f 04 66 90
0x00007f34b66cae30:   f3 0f 10 06 48 83 c0 04 48 01 d6 f3 0f 11 40 fc
0x00007f34b66cae40:   48 39 c8 75 eb c3 66 2e 0f 1f 84 00 00 00 00 00
0x00007f34b66cae50:   83 e9 01 48 89 f8 48 63 d2 48 8d 4c cf 08 66 90
0x00007f34b66cae60:   f3 0f 10 06 48 83 c0 08 f3 0f 11 40 f8 f3 0f 10
0x00007f34b66cae70:   46 04 48 01 d6 f3 0f 11 40 fc 48 39 c8 75 e1 c3
0x00007f34b66cae80:   83 e9 01 48 89 f8 48 63 d2 48 8d 4c 49 03 48 8d
0x00007f34b66cae90:   0c 8f 66 0f 1f 44 00 00 f3 0f 10 06 48 83 c0 0c
0x00007f34b66caea0:   f3 0f 11 40 f4 f3 0f 10 46 04 f3 0f 11 40 f8 f3
0x00007f34b66caeb0:   0f 10 46 08 48 01 d6 f3 0f 11 40 fc 48 39 c8 75
0x00007f34b66caec0:   d7 c3 66 2e 0f 1f 84 00 00 00 00 00 0f 1f 40 00
0x00007f34b66caed0:   41 89 c8 48 63 ca 48 89 f8 41 8d 50 ff 48 83 c2
0x00007f34b66caee0:   01 48 c1 e2 04 48 01 fa 0f 1f 84 00 00 00 00 00
0x00007f34b66caef0:   f3 0f 10 06 48 83 c0 10 f3 0f 11 40 f0 f3 0f 10
0x00007f34b66caf00:   46 04 f3 0f 11 40 f4 f3 0f 10 46 08 f3 0f 11 40
0x00007f34b66caf10:   f8 f3 0f 10 46 0c 48 01 ce f3 0f 11 40 fc 48 39
0x00007f34b66caf20:   d0 75 cd c3 66 2e 0f 1f 84 00 00 00 00 00 66 90
0x00007f34b66caf30:   83 e9 01 48 89 f8 48 63 d2 48 8d 4c 8f 04 66 90
0x00007f34b66caf40:   66 0f ef c0 48 83 c0 04 f2 0f 5a 06 48 01 d6 f3
0x00007f34b66caf50:   0f 11 40 fc 48 39 c8 75 e7 c3 66 0f 1f 44 00 00 



---------------  P R O C E S S  ---------------

VM state: not at safepoint (normal execution)

VM Mutex/Monitor currently owned by a thread: None

Heap address: 0x000000060bc00000, size: 8004 MB, Compressed Oops mode: Zero based, Oop shift amount: 3

CDS archive(s) mapped at: [0x00007f34fa000000-0x00007f34fac75000-0x00007f34fac75000), size 13062144, SharedBaseAddress: 0x00007f34fa000000, ArchiveRelocationMode: 1.
Compressed class space mapped at: 0x00007f34fb000000-0x00007f353b000000, reserved size: 1073741824
Narrow klass base: 0x00007f34fa000000, Narrow klass shift: 0, Narrow klass range: 0x100000000

GC Precious Log:
<Skipped>

Heap:
 garbage-first heap   total reserved 8196096K, committed 520192K, used 9820K [0x000000060bc00000, 0x0000000800000000)
  region size 4096K, 3 young (12288K), 1 survivors (4096K)
 Metaspace       used 10365K, committed 10560K, reserved 1114112K
  class space    used 640K, committed 704K, reserved 1048576K

Heap Regions: E=young(eden), S=young(survivor), O=old, HS=humongous(starts), HC=humongous(continues), CS=collection set, F=free, TAMS=top-at-mark-start, PB=parsable bottom
|   0|0x000000060bc00000, 0x000000060bc00000, 0x000000060c000000|  0%| F|  |TAMS 0x000000060bc00000| PB 0x000000060bc00000| Untracked |  0
|   1|0x000000060c000000, 0x000000060c000000, 0x000000060c400000|  0%| F|  |TAMS 0x000000060c000000| PB 0x000000060c000000| Untracked |  0
|   2|0x000000060c400000, 0x000000060c400000, 0x000000060c800000|  0%| F|  |TAMS 0x000000060c400000| PB 0x000000060c400000| Untracked |  0
|   3|0x000000060c800000, 0x000000060c800000, 0x000000060cc00000|  0%| F|  |TAMS 0x000000060c800000| PB 0x000000060c800000| Untracked |  0
|   4|0x000000060cc00000, 0x000000060cc00000, 0x000000060d000000|  0%| F|  |TAMS 0x000000060cc00000| PB 0x000000060cc00000| Untracked |  0
|   5|0x000000060d000000, 0x000000060d000000, 0x000000060d400000|  0%| F|  |TAMS 0x000000060d000000| PB 0x000000060d000000| Untracked |  0
|   6|0x000000060d400000, 0x000000060d400000, 0x000000060d800000|  0%| F|  |TAMS 0x000000060d400000| PB 0x000000060d400000| Untracked |  0
|   7|0x000000060d800000, 0x000000060d800000, 0x000000060dc00000|  0%| F|  |TAMS 0x000000060d800000| PB 0x000000060d800000| Untracked |  0
|   8|0x000000060dc00000, 0x000000060dc00000, 0x000000060e000000|  0%| F|  |TAMS 0x000000060dc00000| PB 0x000000060dc00000| Untracked |  0
|   9|0x000000060e000000, 0x000000060e000000, 0x000000060e400000|  0%| F|  |TAMS 0x000000060e000000| PB 0x000000060e000000| Untracked |  0
|  10|0x000000060e400000, 0x000000060e400000, 0x000000060e800000|  0%| F|  |TAMS 0x000000060e400000| PB 0x000000060e400000| Untracked |  0
|  11|0x000000060e800000, 0x000000060e800000, 0x000000060ec00000|  0%| F|  |TAMS 0x000000060e800000| PB 0x000000060e800000| Untracked |  0
|  12|0x000000060ec00000, 0x000000060ec00000, 0x000000060f000000|  0%| F|  |TAMS 0x000000060ec00000| PB 0x000000060ec00000| Untracked |  0
|  13|0x000000060f000000, 0x000000060f000000, 0x000000060f400000|  0%| F|  |TAMS 0x000000060f000000| PB 0x000000060f000000| Untracked |  0
|  14|0x000000060f400000, 0x000000060f400000, 0x000000060f800000|  0%| F|  |TAMS 0x000000060f400000| PB 0x000000060f400000| Untracked |  0
|  15|0x000000060f800000, 0x000000060f800000, 0x000000060fc00000|  0%| F|  |TAMS 0x000000060f800000| PB 0x000000060f800000| Untracked |  0
|  16|0x000000060fc00000, 0x000000060fc00000, 0x0000000610000000|  0%| F|  |TAMS 0x000000060fc00000| PB 0x000000060fc00000| Untracked |  0
|  17|0x0000000610000000, 0x0000000610000000, 0x0000000610400000|  0%| F|  |TAMS 0x0000000610000000| PB 0x0000000610000000| Untracked |  0
|  18|0x0000000610400000, 0x0000000610400000, 0x0000000610800000|  0%| F|  |TAMS 0x0000000610400000| PB 0x0000000610400000| Untracked |  0
|  19|0x0000000610800000, 0x0000000610800000, 0x0000000610c00000|  0%| F|  |TAMS 0x0000000610800000| PB 0x0000000610800000| Untracked |  0
|  20|0x0000000610c00000, 0x0000000610c00000, 0x0000000611000000|  0%| F|  |TAMS 0x0000000610c00000| PB 0x0000000610c00000| Untracked |  0
|  21|0x0000000611000000, 0x0000000611000000, 0x0000000611400000|  0%| F|  |TAMS 0x0000000611000000| PB 0x0000000611000000| Untracked |  0
|  22|0x0000000611400000, 0x0000000611400000, 0x0000000611800000|  0%| F|  |TAMS 0x0000000611400000| PB 0x0000000611400000| Untracked |  0
|  23|0x0000000611800000, 0x0000000611800000, 0x0000000611c00000|  0%| F|  |TAMS 0x0000000611800000| PB 0x0000000611800000| Untracked |  0
|  24|0x0000000611c00000, 0x0000000611c00000, 0x0000000612000000|  0%| F|  |TAMS 0x0000000611c00000| PB 0x0000000611c00000| Untracked |  0
|  25|0x0000000612000000, 0x0000000612000000, 0x0000000612400000|  0%| F|  |TAMS 0x0000000612000000| PB 0x0000000612000000| Untracked |  0
|  26|0x0000000612400000, 0x0000000612400000, 0x0000000612800000|  0%| F|  |TAMS 0x0000000612400000| PB 0x0000000612400000| Untracked |  0
|  27|0x0000000612800000, 0x0000000612800000, 0x0000000612c00000|  0%| F|  |TAMS 0x0000000612800000| PB 0x0000000612800000| Untracked |  0
|  28|0x0000000612c00000, 0x0000000612c00000, 0x0000000613000000|  0%| F|  |TAMS 0x0000000612c00000| PB 0x0000000612c00000| Untracked |  0
|  29|0x0000000613000000, 0x0000000613000000, 0x0000000613400000|  0%| F|  |TAMS 0x0000000613000000| PB 0x0000000613000000| Untracked |  0
|  30|0x0000000613400000, 0x0000000613400000, 0x0000000613800000|  0%| F|  |TAMS 0x0000000613400000| PB 0x0000000613400000| Untracked |  0
|  31|0x0000000613800000, 0x0000000613800000, 0x0000000613c00000|  0%| F|  |TAMS 0x0000000613800000| PB 0x0000000613800000| Untracked |  0
|  32|0x0000000613c00000, 0x0000000613c00000, 0x0000000614000000|  0%| F|  |TAMS 0x0000000613c00000| PB 0x0000000613c00000| Untracked |  0
|  33|0x0000000614000000, 0x0000000614000000, 0x0000000614400000|  0%| F|  |TAMS 0x0000000614000000| PB 0x0000000614000000| Untracked |  0
|  34|0x0000000614400000, 0x0000000614400000, 0x0000000614800000|  0%| F|  |TAMS 0x0000000614400000| PB 0x0000000614400000| Untracked |  0
|  35|0x0000000614800000, 0x0000000614800000, 0x0000000614c00000|  0%| F|  |TAMS 0x0000000614800000| PB 0x0000000614800000| Untracked |  0
|  36|0x0000000614c00000, 0x0000000614c00000, 0x0000000615000000|  0%| F|  |TAMS 0x0000000614c00000| PB 0x0000000614c00000| Untracked |  0
|  37|0x0000000615000000, 0x0000000615000000, 0x0000000615400000|  0%| F|  |TAMS 0x0000000615000000| PB 0x0000000615000000| Untracked |  0
|  38|0x0000000615400000, 0x0000000615400000, 0x0000000615800000|  0%| F|  |TAMS 0x0000000615400000| PB 0x0000000615400000| Untracked |  0
|  39|0x0000000615800000, 0x0000000615800000, 0x0000000615c00000|  0%| F|  |TAMS 0x0000000615800000| PB 0x0000000615800000| Untracked |  0
|  40|0x0000000615c00000, 0x0000000615c00000, 0x0000000616000000|  0%| F|  |TAMS 0x0000000615c00000| PB 0x0000000615c00000| Untracked |  0
|  41|0x0000000616000000, 0x0000000616000000, 0x0000000616400000|  0%| F|  |TAMS 0x0000000616000000| PB 0x0000000616000000| Untracked |  0
|  42|0x0000000616400000, 0x0000000616400000, 0x0000000616800000|  0%| F|  |TAMS 0x0000000616400000| PB 0x0000000616400000| Untracked |  0
|  43|0x0000000616800000, 0x0000000616800000, 0x0000000616c00000|  0%| F|  |TAMS 0x0000000616800000| PB 0x0000000616800000| Untracked |  0
|  44|0x0000000616c00000, 0x0000000616c00000, 0x0000000617000000|  0%| F|  |TAMS 0x0000000616c00000| PB 0x0000000616c00000| Untracked |  0
|  45|0x0000000617000000, 0x0000000617000000, 0x0000000617400000|  0%| F|  |TAMS 0x0000000617000000| PB 0x0000000617000000| Untracked |  0
|  46|0x0000000617400000, 0x0000000617400000, 0x0000000617800000|  0%| F|  |TAMS 0x0000000617400000| PB 0x0000000617400000| Untracked |  0
|  47|0x0000000617800000, 0x0000000617800000, 0x0000000617c00000|  0%| F|  |TAMS 0x0000000617800000| PB 0x0000000617800000| Untracked |  0
|  48|0x0000000617c00000, 0x0000000617c00000, 0x0000000618000000|  0%| F|  |TAMS 0x0000000617c00000| PB 0x0000000617c00000| Untracked |  0
|  49|0x0000000618000000, 0x0000000618000000, 0x0000000618400000|  0%| F|  |TAMS 0x0000000618000000| PB 0x0000000618000000| Untracked |  0
|  50|0x0000000618400000, 0x0000000618400000, 0x0000000618800000|  0%| F|  |TAMS 0x0000000618400000| PB 0x0000000618400000| Untracked |  0
|  51|0x0000000618800000, 0x0000000618800000, 0x0000000618c00000|  0%| F|  |TAMS 0x0000000618800000| PB 0x0000000618800000| Untracked |  0
|  52|0x0000000618c00000, 0x0000000618c00000, 0x0000000619000000|  0%| F|  |TAMS 0x0000000618c00000| PB 0x0000000618c00000| Untracked |  0
|  53|0x0000000619000000, 0x0000000619000000, 0x0000000619400000|  0%| F|  |TAMS 0x0000000619000000| PB 0x0000000619000000| Untracked |  0
|  54|0x0000000619400000, 0x0000000619400000, 0x0000000619800000|  0%| F|  |TAMS 0x0000000619400000| PB 0x0000000619400000| Untracked |  0
|  55|0x0000000619800000, 0x0000000619800000, 0x0000000619c00000|  0%| F|  |TAMS 0x0000000619800000| PB 0x0000000619800000| Untracked |  0
|  56|0x0000000619c00000, 0x0000000619c00000, 0x000000061a000000|  0%| F|  |TAMS 0x0000000619c00000| PB 0x0000000619c00000| Untracked |  0
|  57|0x000000061a000000, 0x000000061a000000, 0x000000061a400000|  0%| F|  |TAMS 0x000000061a000000| PB 0x000000061a000000| Untracked |  0
|  58|0x000000061a400000, 0x000000061a400000, 0x000000061a800000|  0%| F|  |TAMS 0x000000061a400000| PB 0x000000061a400000| Untracked |  0
|  59|0x000000061a800000, 0x000000061a800000, 0x000000061ac00000|  0%| F|  |TAMS 0x000000061a800000| PB 0x000000061a800000| Untracked |  0
|  60|0x000000061ac00000, 0x000000061ac00000, 0x000000061b000000|  0%| F|  |TAMS 0x000000061ac00000| PB 0x000000061ac00000| Untracked |  0
|  61|0x000000061b000000, 0x000000061b000000, 0x000000061b400000|  0%| F|  |TAMS 0x000000061b000000| PB 0x000000061b000000| Untracked |  0
|  62|0x000000061b400000, 0x000000061b400000, 0x000000061b800000|  0%| F|  |TAMS 0x000000061b400000| PB 0x000000061b400000| Untracked |  0
|  63|0x000000061b800000, 0x000000061b800000, 0x000000061bc00000|  0%| F|  |TAMS 0x000000061b800000| PB 0x000000061b800000| Untracked |  0
|  64|0x000000061bc00000, 0x000000061bc00000, 0x000000061c000000|  0%| F|  |TAMS 0x000000061bc00000| PB 0x000000061bc00000| Untracked |  0
|  65|0x000000061c000000, 0x000000061c000000, 0x000000061c400000|  0%| F|  |TAMS 0x000000061c000000| PB 0x000000061c000000| Untracked |  0
|  66|0x000000061c400000, 0x000000061c400000, 0x000000061c800000|  0%| F|  |TAMS 0x000000061c400000| PB 0x000000061c400000| Untracked |  0
|  67|0x000000061c800000, 0x000000061c800000, 0x000000061cc00000|  0%| F|  |TAMS 0x000000061c800000| PB 0x000000061c800000| Untracked |  0
|  68|0x000000061cc00000, 0x000000061cc00000, 0x000000061d000000|  0%| F|  |TAMS 0x000000061cc00000| PB 0x000000061cc00000| Untracked |  0
|  69|0x000000061d000000, 0x000000061d000000, 0x000000061d400000|  0%| F|  |TAMS 0x000000061d000000| PB 0x000000061d000000| Untracked |  0
|  70|0x000000061d400000, 0x000000061d400000, 0x000000061d800000|  0%| F|  |TAMS 0x000000061d400000| PB 0x000000061d400000| Untracked |  0
|  71|0x000000061d800000, 0x000000061d800000, 0x000000061dc00000|  0%| F|  |TAMS 0x000000061d800000| PB 0x000000061d800000| Untracked |  0
|  72|0x000000061dc00000, 0x000000061dc00000, 0x000000061e000000|  0%| F|  |TAMS 0x000000061dc00000| PB 0x000000061dc00000| Untracked |  0
|  73|0x000000061e000000, 0x000000061e000000, 0x000000061e400000|  0%| F|  |TAMS 0x000000061e000000| PB 0x000000061e000000| Untracked |  0
|  74|0x000000061e400000, 0x000000061e400000, 0x000000061e800000|  0%| F|  |TAMS 0x000000061e400000| PB 0x000000061e400000| Untracked |  0
|  75|0x000000061e800000, 0x000000061e800000, 0x000000061ec00000|  0%| F|  |TAMS 0x000000061e800000| PB 0x000000061e800000| Untracked |  0
|  76|0x000000061ec00000, 0x000000061ec00000, 0x000000061f000000|  0%| F|  |TAMS 0x000000061ec00000| PB 0x000000061ec00000| Untracked |  0
|  77|0x000000061f000000, 0x000000061f000000, 0x000000061f400000|  0%| F|  |TAMS 0x000000061f000000| PB 0x000000061f000000| Untracked |  0
|  78|0x000000061f400000, 0x000000061f400000, 0x000000061f800000|  0%| F|  |TAMS 0x000000061f400000| PB 0x000000061f400000| Untracked |  0
|  79|0x000000061f800000, 0x000000061f800000, 0x000000061fc00000|  0%| F|  |TAMS 0x000000061f800000| PB 0x000000061f800000| Untracked |  0
|  80|0x000000061fc00000, 0x000000061fc00000, 0x0000000620000000|  0%| F|  |TAMS 0x000000061fc00000| PB 0x000000061fc00000| Untracked |  0
|  81|0x0000000620000000, 0x0000000620000000, 0x0000000620400000|  0%| F|  |TAMS 0x0000000620000000| PB 0x0000000620000000| Untracked |  0
|  82|0x0000000620400000, 0x0000000620400000, 0x0000000620800000|  0%| F|  |TAMS 0x0000000620400000| PB 0x0000000620400000| Untracked |  0
|  83|0x0000000620800000, 0x0000000620800000, 0x0000000620c00000|  0%| F|  |TAMS 0x0000000620800000| PB 0x0000000620800000| Untracked |  0
|  84|0x0000000620c00000, 0x0000000620c00000, 0x0000000621000000|  0%| F|  |TAMS 0x0000000620c00000| PB 0x0000000620c00000| Untracked |  0
|  85|0x0000000621000000, 0x0000000621000000, 0x0000000621400000|  0%| F|  |TAMS 0x0000000621000000| PB 0x0000000621000000| Untracked |  0
|  86|0x0000000621400000, 0x0000000621400000, 0x0000000621800000|  0%| F|  |TAMS 0x0000000621400000| PB 0x0000000621400000| Untracked |  0
|  87|0x0000000621800000, 0x0000000621800000, 0x0000000621c00000|  0%| F|  |TAMS 0x0000000621800000| PB 0x0000000621800000| Untracked |  0
|  88|0x0000000621c00000, 0x0000000621c00000, 0x0000000622000000|  0%| F|  |TAMS 0x0000000621c00000| PB 0x0000000621c00000| Untracked |  0
|  89|0x0000000622000000, 0x0000000622000000, 0x0000000622400000|  0%| F|  |TAMS 0x0000000622000000| PB 0x0000000622000000| Untracked |  0
|  90|0x0000000622400000, 0x0000000622400000, 0x0000000622800000|  0%| F|  |TAMS 0x0000000622400000| PB 0x0000000622400000| Untracked |  0
|  91|0x0000000622800000, 0x0000000622800000, 0x0000000622c00000|  0%| F|  |TAMS 0x0000000622800000| PB 0x0000000622800000| Untracked |  0
|  92|0x0000000622c00000, 0x0000000622c00000, 0x0000000623000000|  0%| F|  |TAMS 0x0000000622c00000| PB 0x0000000622c00000| Untracked |  0
|  93|0x0000000623000000, 0x0000000623000000, 0x0000000623400000|  0%| F|  |TAMS 0x0000000623000000| PB 0x0000000623000000| Untracked |  0
|  94|0x0000000623400000, 0x0000000623400000, 0x0000000623800000|  0%| F|  |TAMS 0x0000000623400000| PB 0x0000000623400000| Untracked |  0
|  95|0x0000000623800000, 0x0000000623800000, 0x0000000623c00000|  0%| F|  |TAMS 0x0000000623800000| PB 0x0000000623800000| Untracked |  0
|  96|0x0000000623c00000, 0x0000000623c00000, 0x0000000624000000|  0%| F|  |TAMS 0x0000000623c00000| PB 0x0000000623c00000| Untracked |  0
|  97|0x0000000624000000, 0x0000000624000000, 0x0000000624400000|  0%| F|  |TAMS 0x0000000624000000| PB 0x0000000624000000| Untracked |  0
|  98|0x0000000624400000, 0x0000000624400000, 0x0000000624800000|  0%| F|  |TAMS 0x0000000624400000| PB 0x0000000624400000| Untracked |  0
|  99|0x0000000624800000, 0x0000000624800000, 0x0000000624c00000|  0%| F|  |TAMS 0x0000000624800000| PB 0x0000000624800000| Untracked |  0
| 100|0x0000000624c00000, 0x0000000624c00000, 0x0000000625000000|  0%| F|  |TAMS 0x0000000624c00000| PB 0x0000000624c00000| Untracked |  0
| 101|0x0000000625000000, 0x0000000625000000, 0x0000000625400000|  0%| F|  |TAMS 0x0000000625000000| PB 0x0000000625000000| Untracked |  0
| 102|0x0000000625400000, 0x0000000625400000, 0x0000000625800000|  0%| F|  |TAMS 0x0000000625400000| PB 0x0000000625400000| Untracked |  0
| 103|0x0000000625800000, 0x0000000625800000, 0x0000000625c00000|  0%| F|  |TAMS 0x0000000625800000| PB 0x0000000625800000| Untracked |  0
| 104|0x0000000625c00000, 0x0000000625c00000, 0x0000000626000000|  0%| F|  |TAMS 0x0000000625c00000| PB 0x0000000625c00000| Untracked |  0
| 105|0x0000000626000000, 0x0000000626000000, 0x0000000626400000|  0%| F|  |TAMS 0x0000000626000000| PB 0x0000000626000000| Untracked |  0
| 106|0x0000000626400000, 0x0000000626400000, 0x0000000626800000|  0%| F|  |TAMS 0x0000000626400000| PB 0x0000000626400000| Untracked |  0
| 107|0x0000000626800000, 0x0000000626800000, 0x0000000626c00000|  0%| F|  |TAMS 0x0000000626800000| PB 0x0000000626800000| Untracked |  0
| 108|0x0000000626c00000, 0x0000000626c00000, 0x0000000627000000|  0%| F|  |TAMS 0x0000000626c00000| PB 0x0000000626c00000| Untracked |  0
| 109|0x0000000627000000, 0x0000000627000000, 0x0000000627400000|  0%| F|  |TAMS 0x0000000627000000| PB 0x0000000627000000| Untracked |  0
| 110|0x0000000627400000, 0x0000000627400000, 0x0000000627800000|  0%| F|  |TAMS 0x0000000627400000| PB 0x0000000627400000| Untracked |  0
| 111|0x0000000627800000, 0x0000000627800000, 0x0000000627c00000|  0%| F|  |TAMS 0x0000000627800000| PB 0x0000000627800000| Untracked |  0
| 112|0x0000000627c00000, 0x0000000627c00000, 0x0000000628000000|  0%| F|  |TAMS 0x0000000627c00000| PB 0x0000000627c00000| Untracked |  0
| 113|0x0000000628000000, 0x0000000628000000, 0x0000000628400000|  0%| F|  |TAMS 0x0000000628000000| PB 0x0000000628000000| Untracked |  0
| 114|0x0000000628400000, 0x0000000628400000, 0x0000000628800000|  0%| F|  |TAMS 0x0000000628400000| PB 0x0000000628400000| Untracked |  0
| 115|0x0000000628800000, 0x0000000628800000, 0x0000000628c00000|  0%| F|  |TAMS 0x0000000628800000| PB 0x0000000628800000| Untracked |  0
| 116|0x0000000628c00000, 0x0000000628c00000, 0x0000000629000000|  0%| F|  |TAMS 0x0000000628c00000| PB 0x0000000628c00000| Untracked |  0
| 117|0x0000000629000000, 0x0000000629000000, 0x0000000629400000|  0%| F|  |TAMS 0x0000000629000000| PB 0x0000000629000000| Untracked |  0
| 118|0x0000000629400000, 0x0000000629400000, 0x0000000629800000|  0%| F|  |TAMS 0x0000000629400000| PB 0x0000000629400000| Untracked |  0
| 119|0x0000000629800000, 0x0000000629b32c00, 0x0000000629c00000| 79%| S|CS|TAMS 0x0000000629800000| PB 0x0000000629800000| Complete |  0
| 120|0x0000000629c00000, 0x0000000629c00000, 0x000000062a000000|  0%| F|  |TAMS 0x0000000629c00000| PB 0x0000000629c00000| Untracked |  0
| 121|0x000000062a000000, 0x000000062a000000, 0x000000062a400000|  0%| F|  |TAMS 0x000000062a000000| PB 0x000000062a000000| Untracked |  0
| 122|0x000000062a400000, 0x000000062a400000, 0x000000062a800000|  0%| F|  |TAMS 0x000000062a400000| PB 0x000000062a400000| Untracked |  0
| 123|0x000000062a800000, 0x000000062a800000, 0x000000062ac00000|  0%| F|  |TAMS 0x000000062a800000| PB 0x000000062a800000| Untracked |  0
| 124|0x000000062ac00000, 0x000000062ad5bec0, 0x000000062b000000| 33%| E|  |TAMS 0x000000062ac00000| PB 0x000000062ac00000| Complete |  0
| 125|0x000000062b000000, 0x000000062b400000, 0x000000062b400000|100%| E|CS|TAMS 0x000000062b000000| PB 0x000000062b000000| Complete |  0
|2000|0x00000007ffc00000, 0x00000007ffd08650, 0x0000000800000000| 25%| O|  |TAMS 0x00000007ffc00000| PB 0x00000007ffc00000| Untracked |  0

Card table byte_map: [0x00007f3584759000,0x00007f35856fb000] _byte_map_base: 0x00007f35816fb000

Marking Bits: (CMBitMap*) 0x00007f3580060850
 Bits: [0x00007f3552cf0000, 0x00007f355aa00000)

Polling page: 0x00007f3588d22000

Metaspace:

Usage:
  Non-class:      9,50 MB used.
      Class:    640,89 KB used.
       Both:     10,12 MB used.

Virtual space:
  Non-class space:       64,00 MB reserved,       9,62 MB ( 15%) committed,  1 nodes.
      Class space:        1,00 GB reserved,     704,00 KB ( <1%) committed,  1 nodes.
             Both:        1,06 GB reserved,      10,31 MB ( <1%) committed. 

Chunk freelists:
   Non-Class:  5,79 MB
       Class:  15,13 MB
        Both:  20,92 MB

MaxMetaspaceSize: unlimited
CompressedClassSpaceSize: 1,00 GB
Initial GC threshold: 21,00 MB
Current GC threshold: 21,00 MB
CDS: on
 - commit_granule_bytes: 65536.
 - commit_granule_words: 8192.
 - virtual_space_node_default_size: 8388608.
 - enlarge_chunks_in_place: 1.
 - use_allocation_guard: 0.


Internal statistics:

num_allocs_failed_limit: 0.
num_arena_births: 110.
num_arena_deaths: 0.
num_vsnodes_births: 2.
num_vsnodes_deaths: 0.
num_space_committed: 164.
num_space_uncommitted: 0.
num_chunks_returned_to_freelist: 0.
num_chunks_taken_from_freelist: 302.
num_chunk_merges: 0.
num_chunk_splits: 234.
num_chunks_enlarged: 185.
num_inconsistent_stats: 0.

CodeHeap 'non-profiled nmethods': size=120028Kb used=440Kb max_used=440Kb free=119587Kb
 bounds [0x00007f35624c9000, 0x00007f3562739000, 0x00007f3569a00000]
CodeHeap 'profiled nmethods': size=120028Kb used=1934Kb max_used=1934Kb free=118093Kb
 bounds [0x00007f355aa00000, 0x00007f355ac70000, 0x00007f3561f37000]
CodeHeap 'non-nmethods': size=5704Kb used=2211Kb max_used=2238Kb free=3493Kb
 bounds [0x00007f3561f37000, 0x00007f35621a7000, 0x00007f35624c9000]
 total_blobs=2321 nmethods=1171 adapters=1056
 compilation: enabled
              stopped_count=0, restarted_count=0
 full_count=0

Compilation events (20 events):
Event: 4,459 Thread 0x00007f358014ff60 1157       4       java.lang.invoke.MethodType::parameterCount (6 bytes)
Event: 4,459 Thread 0x00007f3580151670 nmethod 1154 0x00007f355abdf790 code [0x00007f355abdfa00, 0x00007f355abe03b8]
Event: 4,459 Thread 0x00007f3580151670 1160       3       java.lang.invoke.MemberName::getInvocationType (56 bytes)
Event: 4,459 Thread 0x00007f358014ff60 nmethod 1157 0x00007f3562535210 code [0x00007f3562535380, 0x00007f3562535428]
Event: 4,460 Thread 0x00007f3580151670 nmethod 1160 0x00007f355abe0710 code [0x00007f355abe0940, 0x00007f355abe1170]
Event: 4,460 Thread 0x00007f3580151670 1161       3       jdk.internal.org.objectweb.asm.Label::<init> (5 bytes)
Event: 4,460 Thread 0x00007f3580151670 nmethod 1161 0x00007f355abe1410 code [0x00007f355abe15a0, 0x00007f355abe1700]
Event: 4,460 Thread 0x00007f3580151670 1162       3       java.lang.invoke.MethodTypeForm::cachedLambdaForm (23 bytes)
Event: 4,460 Thread 0x00007f3580151670 nmethod 1162 0x00007f355abe1790 code [0x00007f355abe1940, 0x00007f355abe1c88]
Event: 4,461 Thread 0x00007f3580151670 1167       3       java.lang.invoke.MethodHandleNatives::refKindIsGetter (32 bytes)
Event: 4,461 Thread 0x00007f3580151670 nmethod 1167 0x00007f355abe1e10 code [0x00007f355abe1fa0, 0x00007f355abe20e8]
Event: 4,461 Thread 0x00007f3580151670 1168       3       java.lang.invoke.MemberName::getName (25 bytes)
Event: 4,461 Thread 0x00007f3580151670 nmethod 1168 0x00007f355abe2190 code [0x00007f355abe2360, 0x00007f355abe26c8]
Event: 4,462 Thread 0x00007f3580151670 1171       3       jdk.internal.org.objectweb.asm.Frame::pop (42 bytes)
Event: 4,462 Thread 0x00007f3580151670 nmethod 1171 0x00007f355abe2790 code [0x00007f355abe2920, 0x00007f355abe2ad0]
Event: 4,462 Thread 0x00007f3580151670 1173       3       java.lang.invoke.InvokerBytecodeGenerator::getInternalName (103 bytes)
Event: 4,462 Thread 0x00007f3580151670 nmethod 1173 0x00007f355abe2b90 code [0x00007f355abe2da0, 0x00007f355abe32d8]
Event: 4,462 Thread 0x00007f3580151670 1172       3       jdk.internal.org.objectweb.asm.ByteVector::put11 (52 bytes)
Event: 4,462 Thread 0x00007f3580151670 nmethod 1172 0x00007f355abe3410 code [0x00007f355abe35c0, 0x00007f355abe37d8]
Event: 4,465 Thread 0x00007f34d41e8030 nmethod 1149 0x00007f3562536710 code [0x00007f35625368c0, 0x00007f3562536ee0]

GC Heap History (2 events):
Event: 0,837 GC heap before
{Heap before GC invocations=0 (full 0):
 garbage-first heap   total reserved 8196096K, committed 520192K, used 25633K [0x000000060bc00000, 0x0000000800000000)
  region size 4096K, 6 young (24576K), 0 survivors (0K)
 Metaspace       used 7733K, committed 7872K, reserved 1114112K
  class space    used 497K, committed 576K, reserved 1048576K
}
Event: 0,840 GC heap after
{Heap after GC invocations=1 (full 0):
 garbage-first heap   total reserved 8196096K, committed 520192K, used 4332K [0x000000060bc00000, 0x0000000800000000)
  region size 4096K, 1 young (4096K), 1 survivors (4096K)
 Metaspace       used 7733K, committed 7872K, reserved 1114112K
  class space    used 497K, committed 576K, reserved 1048576K
}

Dll operation events (11 events):
Event: 0,002 Loaded shared library /home/johron/.jdks/corretto-22.0.2/lib/libjava.so
Event: 0,002 Loaded shared library /home/johron/.jdks/corretto-22.0.2/lib/libzip.so
Event: 0,021 Loaded shared library /home/johron/.jdks/corretto-22.0.2/lib/libjsvml.so
Event: 0,098 Loaded shared library /home/johron/.jdks/corretto-22.0.2/lib/libinstrument.so
Event: 0,133 Loaded shared library /home/johron/.jdks/corretto-22.0.2/lib/libnio.so
Event: 0,140 Loaded shared library /home/johron/.jdks/corretto-22.0.2/lib/libzip.so
Event: 0,152 Loaded shared library /home/johron/.jdks/corretto-22.0.2/lib/libverify.so
Event: 0,205 Loaded shared library /home/johron/.jdks/corretto-22.0.2/lib/libjimage.so
Event: 0,218 Loaded shared library /home/johron/.jdks/corretto-22.0.2/lib/libnet.so
Event: 0,225 Loaded shared library /tmp/lwjgl_johron/3.3.3+5/x64/liblwjgl.so
Event: 0,553 Loaded shared library /tmp/lwjgl_johron/3.3.3+5/x64/liblwjgl_opengl.so

Deoptimization events (20 events):
Event: 0,859 Thread 0x00007f3580033190 Uncommon trap: trap_request=0xffffff45 fr.pc=0x00007f3562512700 relative=0x00000000000006c0
Event: 0,859 Thread 0x00007f3580033190 Uncommon trap: reason=unstable_if action=reinterpret pc=0x00007f3562512700 method=java.lang.StringLatin1.newString([BII)Ljava/lang/String; @ 1 c2
Event: 0,859 Thread 0x00007f3580033190 DEOPT PACKING pc=0x00007f3562512700 sp=0x00007f35873fcc90
Event: 0,859 Thread 0x00007f3580033190 DEOPT UNPACKING pc=0x00007f3561f8af99 sp=0x00007f35873fcc20 mode 2
Event: 0,868 Thread 0x00007f3580033190 Uncommon trap: trap_request=0xffffff45 fr.pc=0x00007f35624ce6f0 relative=0x0000000000000070
Event: 0,868 Thread 0x00007f3580033190 Uncommon trap: reason=unstable_if action=reinterpret pc=0x00007f35624ce6f0 method=java.lang.String.isLatin1()Z @ 10 c2
Event: 0,868 Thread 0x00007f3580033190 DEOPT PACKING pc=0x00007f35624ce6f0 sp=0x00007f35873fd1e0
Event: 0,868 Thread 0x00007f3580033190 DEOPT UNPACKING pc=0x00007f3561f8af99 sp=0x00007f35873fd1a0 mode 2
Event: 0,869 Thread 0x00007f3580033190 Uncommon trap: trap_request=0xffffff45 fr.pc=0x00007f35625255e4 relative=0x00000000000005a4
Event: 0,869 Thread 0x00007f3580033190 Uncommon trap: reason=unstable_if action=reinterpret pc=0x00007f35625255e4 method=java.lang.StringBuilder.toString()Ljava/lang/String; @ 4 c2
Event: 0,869 Thread 0x00007f3580033190 DEOPT PACKING pc=0x00007f35625255e4 sp=0x00007f35873fd300
Event: 0,869 Thread 0x00007f3580033190 DEOPT UNPACKING pc=0x00007f3561f8af99 sp=0x00007f35873fd310 mode 2
Event: 0,910 Thread 0x00007f3580033190 Uncommon trap: trap_request=0xffffff54 fr.pc=0x00007f3562507d70 relative=0x0000000000000070
Event: 0,910 Thread 0x00007f3580033190 Uncommon trap: reason=speculate_null_assert action=make_not_entrant pc=0x00007f3562507d70 method=sun.misc.Unsafe.getLong(Ljava/lang/Object;J)J @ 5 c2
Event: 0,910 Thread 0x00007f3580033190 DEOPT PACKING pc=0x00007f3562507d70 sp=0x00007f35873fe590
Event: 0,910 Thread 0x00007f3580033190 DEOPT UNPACKING pc=0x00007f3561f8af99 sp=0x00007f35873fe548 mode 2
Event: 4,450 Thread 0x00007f3580033190 Uncommon trap: trap_request=0xffffff45 fr.pc=0x00007f3562527a5c relative=0x000000000000015c
Event: 4,450 Thread 0x00007f3580033190 Uncommon trap: reason=unstable_if action=reinterpret pc=0x00007f3562527a5c method=java.util.concurrent.locks.ReentrantLock$NonfairSync.initialTryLock()Z @ 10 c2
Event: 4,450 Thread 0x00007f3580033190 DEOPT PACKING pc=0x00007f3562527a5c sp=0x00007f35873fe260
Event: 4,450 Thread 0x00007f3580033190 DEOPT UNPACKING pc=0x00007f3561f8af99 sp=0x00007f35873fe208 mode 2

Classes loaded (20 events):
Event: 0,909 Loading class org/joml/Vector2ic
Event: 0,909 Loading class org/joml/Vector2ic done
Event: 0,910 Loading class org/joml/Math
Event: 0,910 Loading class org/joml/Math done
Event: 0,911 Loading class kotlin/jdk7/AutoCloseableKt
Event: 0,911 Loading class kotlin/jdk7/AutoCloseableKt done
Event: 1,005 Loading class com/intellij/rt/debugger/BatchEvaluatorServer
Event: 1,005 Loading class com/intellij/rt/debugger/BatchEvaluatorServer done
Event: 1,007 Loading class java/io/DataOutputStream
Event: 1,007 Loading class java/io/DataOutputStream done
Event: 1,007 Loading class java/lang/invoke/VarHandleByteArrayAsShorts$ArrayHandle
Event: 1,007 Loading class java/lang/invoke/VarHandleByteArrayAsShorts$ArrayHandle done
Event: 1,008 Loading class java/lang/invoke/VarHandleByteArrayAsChars$ArrayHandle
Event: 1,008 Loading class java/lang/invoke/VarHandleByteArrayAsChars$ArrayHandle done
Event: 1,008 Loading class java/lang/invoke/VarHandleByteArrayAsFloats$ArrayHandle
Event: 1,008 Loading class java/lang/invoke/VarHandleByteArrayAsFloats$ArrayHandle done
Event: 1,008 Loading class java/lang/invoke/VarHandleByteArrayAsDoubles$ArrayHandle
Event: 1,008 Loading class java/lang/invoke/VarHandleByteArrayAsDoubles$ArrayHandle done
Event: 4,451 Loading class org/joml/Runtime
Event: 4,451 Loading class org/joml/Runtime done

Classes unloaded (0 events):
No events

Classes redefined (1 events):
Event: 0,118 Thread 0x00007f358013bfe0 redefined class name=java.lang.Throwable, count=1

Internal exceptions (20 events):
Event: 0,195 Thread 0x00007f3580033190 Exception <a 'java/lang/NoSuchMethodError'{0x000000062afec238}: 'void java.lang.invoke.DirectMethodHandle$Holder.invokeSpecial(java.lang.Object, java.lang.Object, java.lang.Object)'> (0x000000062afec238) 
thrown [src/hotspot/share/interpreter/linkResolver.cpp, line 773]
Event: 0,197 Thread 0x00007f3580033190 Exception <a 'java/lang/NoSuchMethodError'{0x000000062afff8f8}: 'java.lang.Object java.lang.invoke.DirectMethodHandle$Holder.invokeStatic(java.lang.Object, java.lang.Object, int)'> (0x000000062afff8f8) 
thrown [src/hotspot/share/interpreter/linkResolver.cpp, line 773]
Event: 0,198 Thread 0x00007f3580033190 Exception <a 'java/lang/NoSuchMethodError'{0x000000062a80b3d0}: 'void java.lang.invoke.DelegatingMethodHandle$Holder.delegate(java.lang.Object, java.lang.Object, int, java.lang.Object)'> (0x000000062a80b3d0) 
thrown [src/hotspot/share/interpreter/linkResolver.cpp, line 773]
Event: 0,198 Thread 0x00007f3580033190 Exception <a 'java/lang/NoSuchMethodError'{0x000000062a80f100}: 'int java.lang.invoke.DirectMethodHandle$Holder.invokeSpecial(java.lang.Object, java.lang.Object, java.lang.Object)'> (0x000000062a80f100) 
thrown [src/hotspot/share/interpreter/linkResolver.cpp, line 773]
Event: 0,201 Thread 0x00007f3580033190 Exception <a 'java/lang/NoSuchMethodError'{0x000000062a82b1e0}: 'void java.lang.System.loadLibrary(java.lang.String, java.lang.Class)'> (0x000000062a82b1e0) 
thrown [src/hotspot/share/interpreter/linkResolver.cpp, line 773]
Event: 0,224 Thread 0x00007f3580033190 Exception <a 'sun/nio/fs/UnixException'{0x000000062a96a490}> (0x000000062a96a490) 
thrown [src/hotspot/share/prims/jni.cpp, line 520]
Event: 0,274 Thread 0x00007f3580033190 Exception <a 'java/lang/NoSuchMethodError'{0x000000062aa9a8f0}: 'int java.lang.invoke.DirectMethodHandle$Holder.invokeStaticInit(java.lang.Object, java.lang.Object, int, long)'> (0x000000062aa9a8f0) 
thrown [src/hotspot/share/interpreter/linkResolver.cpp, line 773]
Event: 0,274 Thread 0x00007f3580033190 Exception <a 'java/lang/NoSuchMethodError'{0x000000062aa9fa18}: 'java.lang.Object java.lang.invoke.DirectMethodHandle$Holder.newInvokeSpecial(java.lang.Object, java.lang.Object, int)'> (0x000000062aa9fa18) 
thrown [src/hotspot/share/interpreter/linkResolver.cpp, line 773]
Event: 0,276 Thread 0x00007f3580033190 Exception <a 'java/lang/NoSuchMethodError'{0x000000062aab3ee8}: 'int java.lang.invoke.DirectMethodHandle$Holder.invokeStaticInit(java.lang.Object, java.lang.Object, long, long)'> (0x000000062aab3ee8) 
thrown [src/hotspot/share/interpreter/linkResolver.cpp, line 773]
Event: 0,276 Thread 0x00007f3580033190 Exception <a 'java/lang/NoSuchMethodError'{0x000000062aab9990}: 'java.lang.Object java.lang.invoke.DirectMethodHandle$Holder.newInvokeSpecial(java.lang.Object, java.lang.Object, long)'> (0x000000062aab9990) 
thrown [src/hotspot/share/interpreter/linkResolver.cpp, line 773]
Event: 0,276 Thread 0x00007f3580033190 Exception <a 'java/lang/NoSuchMethodError'{0x000000062aabd858}: 'java.lang.Object java.lang.invoke.Invokers$Holder.linkToTargetMethod(java.lang.Object, long, java.lang.Object)'> (0x000000062aabd858) 
thrown [src/hotspot/share/interpreter/linkResolver.cpp, line 773]
Event: 0,277 Thread 0x00007f3580033190 Exception <a 'java/lang/NoSuchMethodError'{0x000000062aac4aa0}: 'int java.lang.invoke.DirectMethodHandle$Holder.invokeStaticInit(java.lang.Object, java.lang.Object, java.lang.Object, long)'> (0x000000062aac4aa0) 
thrown [src/hotspot/share/interpreter/linkResolver.cpp, line 773]
Event: 0,286 Thread 0x00007f3580033190 Exception <a 'sun/nio/fs/UnixException'{0x000000062ab5c1a0}> (0x000000062ab5c1a0) 
thrown [src/hotspot/share/prims/jni.cpp, line 520]
Event: 0,303 Thread 0x00007f3580033190 Exception <a 'sun/nio/fs/UnixException'{0x000000062a41d6d0}> (0x000000062a41d6d0) 
thrown [src/hotspot/share/prims/jni.cpp, line 520]
Event: 0,306 Thread 0x00007f3580033190 Exception <a 'java/lang/NoSuchMethodError'{0x000000062a424e60}: 'int java.lang.invoke.Invokers$Holder.invokeExact_MT(java.lang.Object, java.lang.Object)'> (0x000000062a424e60) 
thrown [src/hotspot/share/interpreter/linkResolver.cpp, line 773]
Event: 0,549 Thread 0x00007f3580033190 Exception <a 'java/lang/NoSuchMethodError'{0x000000062a4824b0}: 'void java.lang.System.load(java.lang.String, java.lang.Class)'> (0x000000062a4824b0) 
thrown [src/hotspot/share/interpreter/linkResolver.cpp, line 773]
Event: 0,550 Thread 0x00007f3580033190 Exception <a 'java/lang/NoSuchMethodError'{0x000000062a484f20}: 'void java.lang.System.loadLibrary(java.lang.String, java.lang.Class)'> (0x000000062a484f20) 
thrown [src/hotspot/share/interpreter/linkResolver.cpp, line 773]
Event: 0,552 Thread 0x00007f3580033190 Exception <a 'sun/nio/fs/UnixException'{0x000000062a496e98}> (0x000000062a496e98) 
thrown [src/hotspot/share/prims/jni.cpp, line 520]
Event: 0,555 Thread 0x00007f3580033190 Exception <a 'sun/nio/fs/UnixException'{0x000000062a4a34f0}> (0x000000062a4a34f0) 
thrown [src/hotspot/share/prims/jni.cpp, line 520]
Event: 0,818 Thread 0x00007f3580033190 Implicit null exception at 0x00007f356250809d to 0x00007f35625083d0

ZGC Phase Switch (0 events):
No events

VM Operations (20 events):
Event: 4,450 Executing VM operation: ChangeBreakpoints
Event: 4,450 Executing VM operation: ChangeBreakpoints done
Event: 4,450 Executing VM operation: ChangeBreakpoints
